g++ -Wall -fopenmp -O3 -march=native -flto -funroll-loops -fprefetch-loop-arrays main.cpp fluid_solver.cpp EventManager.cpp -o fluid_sim
Running with 2 threads
Total density after 100 timesteps: 140876

real	0m28.114s
user	0m44.491s
sys	0m0.076s

Running with 4 threads
Total density after 100 timesteps: 140876

real	0m22.594s
user	0m59.085s
sys	0m0.124s

Running with 8 threads
Total density after 100 timesteps: 140876

real	0m18.470s
user	1m16.056s
sys	0m0.137s

Running with 16 threads
Total density after 100 timesteps: 140876

real	0m18.392s
user	1m56.099s
sys	0m0.171s

Running with 20 threads
Total density after 100 timesteps: 140876

real	0m18.691s
user	2m14.464s
sys	0m0.184s

